[debug] [2022-04-18T15:21:22.164Z] ----------------------------------------------------------------------
[debug] [2022-04-18T15:21:22.166Z] Command:       C:\Program Files\nodejs\node.exe C:\Users\User\AppData\Roaming\npm\node_modules\firebase-tools\lib\bin\firebase.js init
[debug] [2022-04-18T15:21:22.166Z] CLI Version:   10.6.0
[debug] [2022-04-18T15:21:22.166Z] Platform:      win32
[debug] [2022-04-18T15:21:22.167Z] Node Version:  v16.14.2
[debug] [2022-04-18T15:21:22.167Z] Time:          Mon Apr 18 2022 21:21:22 GMT+0600 (Bangladesh Standard Time)
[debug] [2022-04-18T15:21:22.168Z] ----------------------------------------------------------------------
[debug] 
[debug] [2022-04-18T15:21:22.175Z] > command requires scopes: ["email","openid","https://www.googleapis.com/auth/cloudplatformprojects.readonly","https://www.googleapis.com/auth/firebase","https://www.googleapis.com/auth/cloud-platform"]
[debug] [2022-04-18T15:21:22.176Z] > authorizing via signed-in user (sumaiyashompa137@gmail.com)
[info] 
     ######## #### ########  ######## ########     ###     ######  ########
     ##        ##  ##     ## ##       ##     ##  ##   ##  ##       ##
     ######    ##  ########  ######   ########  #########  ######  ######
     ##        ##  ##    ##  ##       ##     ## ##     ##       ## ##
     ##       #### ##     ## ######## ########  ##     ##  ######  ########

You're about to initialize a Firebase project in this directory:

  D:\Programming Hero\milestone-10\assignment-10\tutor-service

[debug] [2022-04-18T15:22:59.529Z] Error: kill ENOSYS
    at process.kill (node:internal/process/per_thread:220:13)
    at process.listener (C:\Users\User\AppData\Roaming\npm\node_modules\firebase-tools\node_modules\signal-exit\index.js:95:15)
    at process.emit (node:events:526:28)
[error] 
[error] Error: An unexpected error has occurred.
